<?xml version="1.0" encoding="UTF-8"?>
<!-- Generated by org.testng.reporters.JUnitXMLReporter -->
<testsuite ignored="0" hostname="Nareshr" failures="0" tests="10" name="Product API Tests" time="9.199" errors="0" timestamp="2026-06-02T10:07:24 PDT">
  <testcase classname="testcases.ProductTests" name="testAddNewProduct" time="3.947"/>
  <testcase classname="testcases.ProductTests" name="testDeleteProduct" time="0.513"/>
  <testcase classname="testcases.ProductTests" name="testGetAllCategories" time="0.559"/>
  <testcase classname="testcases.ProductTests" name="testGetAllProducts" time="0.547"/>
  <testcase classname="testcases.ProductTests" name="testGetLimitedProducts" time="0.55"/>
  <testcase classname="testcases.ProductTests" name="testGetProductsByCategory" time="0.471"/>
  <testcase classname="testcases.ProductTests" name="testGetSingleProductById" time="0.427"/>
  <testcase classname="testcases.ProductTests" name="testGetSortedProducts" time="0.503"/>
  <testcase classname="testcases.ProductTests" name="testGetSortedProductsAsc" time="0.448"/>
  <testcase classname="testcases.ProductTests" name="testUpdateProduct" time="0.454"/>
</testsuite> <!-- Product API Tests -->
