<?xml version="1.0" encoding="UTF-8"?>
<!-- Generated by org.testng.reporters.JUnitXMLReporter -->
<testsuite ignored="0" hostname="Nareshr" failures="0" tests="10" name="Product API Tests" time="8.636" errors="0" timestamp="2026-06-02T10:15:52 PDT">
  <testcase classname="testcases.ProductTests" name="testAddNewProduct" time="3.93"/>
  <testcase classname="testcases.ProductTests" name="testDeleteProduct" time="0.452"/>
  <testcase classname="testcases.ProductTests" name="testGetAllCategories" time="0.441"/>
  <testcase classname="testcases.ProductTests" name="testGetAllProducts" time="0.437"/>
  <testcase classname="testcases.ProductTests" name="testGetLimitedProducts" time="0.512"/>
  <testcase classname="testcases.ProductTests" name="testGetProductsByCategory" time="0.416"/>
  <testcase classname="testcases.ProductTests" name="testGetSingleProductById" time="0.382"/>
  <testcase classname="testcases.ProductTests" name="testGetSortedProducts" time="0.409"/>
  <testcase classname="testcases.ProductTests" name="testGetSortedProductsAsc" time="0.395"/>
  <testcase classname="testcases.ProductTests" name="testUpdateProduct" time="0.404"/>
</testsuite> <!-- Product API Tests -->
