<?xml version="1.0" encoding="UTF-8"?>
<testng-results ignored="0" total="10" passed="10" failed="0" skipped="0">
  <reporter-output>
  </reporter-output>
  <suite started-at="2026-06-02T10:15:43 PDT" name="Online Store API Suite" finished-at="2026-06-02T10:15:52 PDT" duration-ms="8636">
    <groups>
    </groups>
    <test started-at="2026-06-02T10:15:43 PDT" name="Product API Tests" finished-at="2026-06-02T10:15:52 PDT" duration-ms="8636">
      <class name="testcases.ProductTests">
        <test-method is-config="true" signature="setup()[pri:0, instance:testcases.ProductTests@511f5b1d]" started-at="2026-06-02T10:15:43 PDT" name="setup" finished-at="2026-06-02T10:15:44 PDT" duration-ms="632" status="PASS">
          <reporter-output>
          </reporter-output>
        </test-method> <!-- setup -->
        <test-method signature="testAddNewProduct()[pri:0, instance:testcases.ProductTests@511f5b1d]" started-at="2026-06-02T10:15:44 PDT" name="testAddNewProduct" finished-at="2026-06-02T10:15:48 PDT" duration-ms="3930" status="PASS">
          <reporter-output>
          </reporter-output>
        </test-method> <!-- testAddNewProduct -->
        <test-method signature="testDeleteProduct()[pri:0, instance:testcases.ProductTests@511f5b1d]" started-at="2026-06-02T10:15:48 PDT" name="testDeleteProduct" finished-at="2026-06-02T10:15:48 PDT" duration-ms="452" status="PASS">
          <reporter-output>
          </reporter-output>
        </test-method> <!-- testDeleteProduct -->
        <test-method signature="testGetAllCategories()[pri:0, instance:testcases.ProductTests@511f5b1d]" started-at="2026-06-02T10:15:48 PDT" name="testGetAllCategories" finished-at="2026-06-02T10:15:49 PDT" duration-ms="441" status="PASS">
          <reporter-output>
          </reporter-output>
        </test-method> <!-- testGetAllCategories -->
        <test-method signature="testGetAllProducts()[pri:0, instance:testcases.ProductTests@511f5b1d]" started-at="2026-06-02T10:15:49 PDT" name="testGetAllProducts" finished-at="2026-06-02T10:15:49 PDT" duration-ms="437" status="PASS">
          <reporter-output>
          </reporter-output>
        </test-method> <!-- testGetAllProducts -->
        <test-method signature="testGetLimitedProducts()[pri:0, instance:testcases.ProductTests@511f5b1d]" started-at="2026-06-02T10:15:49 PDT" name="testGetLimitedProducts" finished-at="2026-06-02T10:15:50 PDT" duration-ms="512" status="PASS">
          <reporter-output>
          </reporter-output>
        </test-method> <!-- testGetLimitedProducts -->
        <test-method signature="testGetProductsByCategory()[pri:0, instance:testcases.ProductTests@511f5b1d]" started-at="2026-06-02T10:15:50 PDT" name="testGetProductsByCategory" finished-at="2026-06-02T10:15:50 PDT" duration-ms="416" status="PASS">
          <reporter-output>
          </reporter-output>
        </test-method> <!-- testGetProductsByCategory -->
        <test-method signature="testGetSingleProductById()[pri:0, instance:testcases.ProductTests@511f5b1d]" started-at="2026-06-02T10:15:50 PDT" name="testGetSingleProductById" finished-at="2026-06-02T10:15:50 PDT" duration-ms="382" status="PASS">
          <reporter-output>
          </reporter-output>
        </test-method> <!-- testGetSingleProductById -->
        <test-method signature="testGetSortedProducts()[pri:0, instance:testcases.ProductTests@511f5b1d]" started-at="2026-06-02T10:15:50 PDT" name="testGetSortedProducts" finished-at="2026-06-02T10:15:51 PDT" duration-ms="409" status="PASS">
          <reporter-output>
          </reporter-output>
        </test-method> <!-- testGetSortedProducts -->
        <test-method signature="testGetSortedProductsAsc()[pri:0, instance:testcases.ProductTests@511f5b1d]" started-at="2026-06-02T10:15:51 PDT" name="testGetSortedProductsAsc" finished-at="2026-06-02T10:15:51 PDT" duration-ms="395" status="PASS">
          <reporter-output>
          </reporter-output>
        </test-method> <!-- testGetSortedProductsAsc -->
        <test-method signature="testUpdateProduct()[pri:0, instance:testcases.ProductTests@511f5b1d]" started-at="2026-06-02T10:15:51 PDT" name="testUpdateProduct" finished-at="2026-06-02T10:15:52 PDT" duration-ms="404" status="PASS">
          <reporter-output>
          </reporter-output>
        </test-method> <!-- testUpdateProduct -->
      </class> <!-- testcases.ProductTests -->
    </test> <!-- Product API Tests -->
  </suite> <!-- Online Store API Suite -->
</testng-results>
